<?xml version="1.0" encoding="UTF-8"?>
<testsuite name="org.zerock.ex1.Ex1ApplicationTests" tests="1" skipped="0" failures="0" errors="0" timestamp="2024-02-08T03:18:48" hostname="0hyunChoui-MacBookAir.local" time="1.129">
  <properties/>
  <testcase name="contextLoads()" classname="org.zerock.ex1.Ex1ApplicationTests" time="1.129"/>
  <system-out><![CDATA[12:18:45.600 [Test worker] INFO org.springframework.test.context.support.AnnotationConfigContextLoaderUtils -- Could not detect default configuration classes for test class [org.zerock.ex1.Ex1ApplicationTests]: Ex1ApplicationTests does not declare any static, non-private, non-final, nested classes annotated with @Configuration.
12:18:45.732 [Test worker] INFO org.springframework.boot.test.context.SpringBootTestContextBootstrapper -- Found @SpringBootConfiguration org.zerock.ex1.Ex1Application for test class org.zerock.ex1.Ex1ApplicationTests

  .   ____          _            __ _ _
 /\\ / ___'_ __ _ _(_)_ __  __ _ \ \ \ \
( ( )\___ | '_ | '_| | '_ \/ _` | \ \ \ \
 \\/  ___)| |_)| | | | | || (_| |  ) ) ) )
  '  |____| .__|_| |_|_| |_\__, | / / / /
 =========|_|==============|___/=/_/_/_/
 :: Spring Boot ::                (v3.2.2)

2024-02-08T12:18:46.342+09:00  INFO 96785 --- [    Test worker] org.zerock.ex1.Ex1ApplicationTests       : Starting Ex1ApplicationTests using Java 20.0.2 with PID 96785 (started by 0hyuncho in /Users/0hyuncho/Desktop/ex1)
2024-02-08T12:18:46.349+09:00  INFO 96785 --- [    Test worker] org.zerock.ex1.Ex1ApplicationTests       : No active profile set, falling back to 1 default profile: "default"
2024-02-08T12:18:48.199+09:00  INFO 96785 --- [    Test worker] org.zerock.ex1.Ex1ApplicationTests       : Started Ex1ApplicationTests in 2.282 seconds (process running for 3.968)
]]></system-out>
  <system-err><![CDATA[]]></system-err>
</testsuite>
